2024-01-11 13:46:53,906 - CoverFoxInsurance -INFO - Launching CoverFox
2024-01-11 13:46:53,914 - CoverFoxInsurance -ERROR - Please select browser of your choice
2024-01-11 13:47:02,318 - CoverFoxInsurance -INFO - Clicking on Female Button
2024-01-11 13:47:02,319 - CoverFoxInsurance -ERROR - Enter on male button
2024-01-11 13:47:04,385 - CoverFoxInsurance -INFO - Clicking on Next Button
2024-01-11 13:47:05,499 - CoverFoxInsurance -INFO - Handling age dropdown
2024-01-11 13:47:07,134 - CoverFoxInsurance -INFO - Clicking on Next Button
2024-01-11 13:47:08,214 - CoverFoxInsurance -INFO - Entering mobile number
2024-01-11 13:47:08,418 - CoverFoxInsurance -INFO - Clicking on Continue Button
2024-01-11 13:47:09,620 - CoverFoxInsurance -WARN - Please enter valid information
2024-01-11 13:47:09,620 - CoverFoxInsurance -INFO - Closing Browser
2024-01-16 23:57:33,100 - CoverFoxInsurance -INFO - Launching CoverFox
2024-01-16 23:57:33,106 - CoverFoxInsurance -ERROR - Please select browser of your choice
2024-01-16 23:57:42,313 - CoverFoxInsurance -INFO - Clicking on Female Button
2024-01-16 23:57:42,314 - CoverFoxInsurance -ERROR - Enter on male button
2024-01-16 23:57:44,940 - CoverFoxInsurance -INFO - Clicking on Next Button
2024-01-16 23:57:46,011 - CoverFoxInsurance -INFO - Handling age dropdown
2024-01-16 23:58:55,123 - CoverFoxInsurance -INFO - Launching CoverFox
2024-01-16 23:58:55,130 - CoverFoxInsurance -ERROR - Please select browser of your choice
2024-01-16 23:59:00,357 - CoverFoxInsurance -INFO - Clicking on Female Button
2024-01-16 23:59:00,358 - CoverFoxInsurance -ERROR - Enter on male button
2024-01-16 23:59:02,095 - CoverFoxInsurance -INFO - Clicking on Next Button
2024-01-16 23:59:03,179 - CoverFoxInsurance -INFO - Handling age dropdown
2024-01-16 23:59:05,078 - CoverFoxInsurance -INFO - Clicking on Next Button
2024-01-16 23:59:06,153 - CoverFoxInsurance -INFO - Entering mobile number
2024-01-16 23:59:06,339 - CoverFoxInsurance -INFO - Clicking on Continue Button
2024-01-16 23:59:07,521 - CoverFoxInsurance -WARN - Please enter valid information
2024-01-16 23:59:07,532 - CoverFoxInsurance -INFO - Closing Browser
2024-01-17 00:01:23,354 - CoverFoxInsurance -INFO - Launching CoverFox
2024-01-17 00:01:23,360 - CoverFoxInsurance -ERROR - Please select browser of your choice
2024-01-17 00:01:30,624 - CoverFoxInsurance -INFO - Clicking on Female Button
2024-01-17 00:01:30,624 - CoverFoxInsurance -ERROR - Enter on male button
2024-01-17 00:01:32,584 - CoverFoxInsurance -INFO - Clicking on Next Button
2024-01-17 00:01:33,695 - CoverFoxInsurance -INFO - Handling age dropdown
2024-01-17 00:01:35,437 - CoverFoxInsurance -INFO - Clicking on Next Button
2024-01-17 00:01:36,526 - CoverFoxInsurance -INFO - Entering mobile number
2024-01-17 00:01:36,736 - CoverFoxInsurance -INFO - Clicking on Continue Button
2024-01-17 00:01:37,883 - CoverFoxInsurance -WARN - Please enter valid information
2024-01-17 00:01:37,898 - CoverFoxInsurance -INFO - Closing Browser
2024-01-17 00:13:38,020 - CoverFoxInsurance -INFO - Launching CoverFox
2024-01-17 00:13:38,034 - CoverFoxInsurance -ERROR - Please select browser of your choice
2024-01-17 00:13:45,114 - CoverFoxInsurance -INFO - Clicking on Female Button
2024-01-17 00:13:45,114 - CoverFoxInsurance -ERROR - Enter on male button
2024-01-17 00:13:47,147 - CoverFoxInsurance -INFO - Clicking on Next Button
2024-01-17 00:16:09,237 - CoverFoxInsurance -INFO - Launching CoverFox
2024-01-17 00:16:09,243 - CoverFoxInsurance -ERROR - Please select browser of your choice
2024-01-17 00:16:16,186 - CoverFoxInsurance -INFO - Clicking on Female Button
2024-01-17 00:16:16,188 - CoverFoxInsurance -ERROR - Enter on male button
2024-01-17 00:16:19,126 - CoverFoxInsurance -INFO - Clicking on Next Button
2024-01-17 00:20:42,361 - CoverFoxInsurance -INFO - Launching CoverFox
2024-01-17 00:20:42,369 - CoverFoxInsurance -ERROR - Please select browser of your choice
2024-01-17 00:20:49,580 - CoverFoxInsurance -INFO - Clicking on Female Button
2024-01-17 00:20:49,580 - CoverFoxInsurance -ERROR - Enter on male button
2024-01-17 00:20:51,254 - CoverFoxInsurance -INFO - Clicking on Next Button
2024-01-17 00:20:52,360 - CoverFoxInsurance -INFO - Handling age dropdown
2024-01-17 00:20:53,962 - CoverFoxInsurance -INFO - Clicking on Next Button
2024-01-17 00:20:55,049 - CoverFoxInsurance -INFO - Entering mobile number
2024-01-17 00:20:55,252 - CoverFoxInsurance -INFO - Clicking on Continue Button
2024-01-17 00:20:56,406 - CoverFoxInsurance -WARN - Please enter valid information
2024-01-17 00:20:56,406 - CoverFoxInsurance -INFO - Closing Browser
